<?xml version="1.0" encoding="UTF-8" standalone="yes"?>
<ns2:test-suite start="1459412735662" stop="1459412838213" version="1.4.20" xmlns:ns2="urn:model.allure.qatools.yandex.ru">
    <name>Google suites (0) : FarmZnanie testx</name>
    <title>Google suites (0) : FarmZnanie testx</title>
    <test-cases>
        <test-case start="1459412737347" stop="1459412748499" status="passed">
            <name>logInLogOut</name>
            <steps/>
            <attachments/>
            <labels>
                <label name="host" value="PC-103-WS"/>
                <label name="thread" value="11720@PC-103-WS.main(1)"/>
            </labels>
        </test-case>
        <test-case start="1459412748534" stop="1459412755590" status="passed">
            <name>logErrorPass</name>
            <steps/>
            <attachments/>
            <labels>
                <label name="host" value="PC-103-WS"/>
                <label name="thread" value="11720@PC-103-WS.main(1)"/>
            </labels>
        </test-case>
        <test-case start="1459412755592" stop="1459412762038" status="passed">
            <name>logErrorTel</name>
            <steps/>
            <attachments/>
            <labels>
                <label name="host" value="PC-103-WS"/>
                <label name="thread" value="11720@PC-103-WS.main(1)"/>
            </labels>
        </test-case>
        <test-case start="1459412762040" stop="1459412768597" status="passed">
            <name>logNullPass</name>
            <steps/>
            <attachments/>
            <labels>
                <label name="host" value="PC-103-WS"/>
                <label name="thread" value="11720@PC-103-WS.main(1)"/>
            </labels>
        </test-case>
        <test-case start="1459412768598" stop="1459412775795" status="passed">
            <name>logNullTel</name>
            <steps/>
            <attachments/>
            <labels>
                <label name="host" value="PC-103-WS"/>
                <label name="thread" value="11720@PC-103-WS.main(1)"/>
            </labels>
        </test-case>
        <test-case start="1459412775797" stop="1459412783049" status="passed">
            <name>logShotPass</name>
            <steps/>
            <attachments/>
            <labels>
                <label name="host" value="PC-103-WS"/>
                <label name="thread" value="11720@PC-103-WS.main(1)"/>
            </labels>
        </test-case>
        <test-case start="1459412783050" stop="1459412789617" status="passed">
            <name>logShotTel</name>
            <steps/>
            <attachments/>
            <labels>
                <label name="host" value="PC-103-WS"/>
                <label name="thread" value="11720@PC-103-WS.main(1)"/>
            </labels>
        </test-case>
        <test-case start="1459412789619" stop="1459412797519" status="passed">
            <name>ErrorInvalidField</name>
            <steps/>
            <attachments/>
            <labels>
                <label name="host" value="PC-103-WS"/>
                <label name="thread" value="11720@PC-103-WS.main(1)"/>
            </labels>
        </test-case>
        <test-case start="1459412797523" stop="1459412834950" status="passed">
            <name>ErrorLengthMaxField</name>
            <steps/>
            <attachments/>
            <labels>
                <label name="host" value="PC-103-WS"/>
                <label name="thread" value="11720@PC-103-WS.main(1)"/>
            </labels>
        </test-case>
        <test-case start="1459412834952" stop="1459412835373" status="failed">
            <name>ErrorLengthMinField</name>
            <failure>
                <message>AssertionError: expected [true] but found [false]</message>
                <stack-trace>java.lang.AssertionError: expected [true] but found [false]
	at org.testng.Assert.fail(Assert.java:94)
	at org.testng.Assert.failNotEquals(Assert.java:513)
	at org.testng.Assert.assertTrue(Assert.java:42)
	at org.testng.Assert.assertTrue(Assert.java:52)
	at pageFactory.RegistrationPage.clickRegButton(RegistrationPage.java:192)
	at step.StepRegistration.clickRegButton(StepRegistration.java:44)
	at ErrorRegistrationTest.ErrorLengthMinField(ErrorRegistrationTest.java:65)
	at sun.reflect.NativeMethodAccessorImpl.invoke0(Native Method)
	at sun.reflect.NativeMethodAccessorImpl.invoke(NativeMethodAccessorImpl.java:62)
	at sun.reflect.DelegatingMethodAccessorImpl.invoke(DelegatingMethodAccessorImpl.java:43)
	at java.lang.reflect.Method.invoke(Method.java:497)
	at org.testng.internal.MethodInvocationHelper.invokeMethod(MethodInvocationHelper.java:86)
	at org.testng.internal.Invoker.invokeMethod(Invoker.java:643)
	at org.testng.internal.Invoker.invokeTestMethod(Invoker.java:820)
	at org.testng.internal.Invoker.invokeTestMethods(Invoker.java:1128)
	at org.testng.internal.TestMethodWorker.invokeTestMethods(TestMethodWorker.java:129)
	at org.testng.internal.TestMethodWorker.run(TestMethodWorker.java:112)
	at org.testng.TestRunner.privateRun(TestRunner.java:782)
	at org.testng.TestRunner.run(TestRunner.java:632)
	at org.testng.SuiteRunner.runTest(SuiteRunner.java:366)
	at org.testng.SuiteRunner.runSequentially(SuiteRunner.java:361)
	at org.testng.SuiteRunner.privateRun(SuiteRunner.java:319)
	at org.testng.SuiteRunner.run(SuiteRunner.java:268)
	at org.testng.SuiteRunnerWorker.runSuite(SuiteRunnerWorker.java:52)
	at org.testng.SuiteRunnerWorker.run(SuiteRunnerWorker.java:86)
	at org.testng.TestNG.runSuitesSequentially(TestNG.java:1244)
	at org.testng.TestNG.runSuitesSequentially(TestNG.java:1240)
	at org.testng.TestNG.runSuitesLocally(TestNG.java:1169)
	at org.testng.TestNG.run(TestNG.java:1064)
	at org.apache.maven.surefire.testng.TestNGExecutor.run(TestNGExecutor.java:295)
	at org.apache.maven.surefire.testng.TestNGXmlTestSuite.execute(TestNGXmlTestSuite.java:84)
	at org.apache.maven.surefire.testng.TestNGProvider.invoke(TestNGProvider.java:90)
	at org.apache.maven.surefire.booter.ForkedBooter.invokeProviderInSameClassLoader(ForkedBooter.java:203)
	at org.apache.maven.surefire.booter.ForkedBooter.runSuitesInProcess(ForkedBooter.java:155)
	at org.apache.maven.surefire.booter.ForkedBooter.main(ForkedBooter.java:103)
</stack-trace>
            </failure>
            <steps/>
            <attachments/>
            <labels>
                <label name="host" value="PC-103-WS"/>
                <label name="thread" value="11720@PC-103-WS.main(1)"/>
            </labels>
        </test-case>
        <test-case start="1459412835374" stop="1459412837374" status="passed">
            <name>NullField</name>
            <steps/>
            <attachments/>
            <labels>
                <label name="host" value="PC-103-WS"/>
                <label name="thread" value="11720@PC-103-WS.main(1)"/>
            </labels>
        </test-case>
    </test-cases>
    <labels>
        <label name="framework" value="TestNG"/>
        <label name="language" value="JAVA"/>
    </labels>
</ns2:test-suite>
