<?xml version="1.0" encoding="UTF-8" standalone="yes"?>
<ns2:test-suite start="1459486513836" stop="1459486677622" version="1.4.20" xmlns:ns2="urn:model.allure.qatools.yandex.ru">
    <name>Google suites (0) : FarmZnanie testx</name>
    <title>Google suites (0) : FarmZnanie testx</title>
    <test-cases>
        <test-case start="1459486515533" stop="1459486529288" status="passed">
            <name>logInLogOut</name>
            <steps/>
            <attachments/>
            <labels>
                <label name="host" value="PC-103-WS"/>
                <label name="thread" value="13116@PC-103-WS.main(1)"/>
            </labels>
        </test-case>
        <test-case start="1459486529322" stop="1459486536296" status="passed">
            <name>logErrorPass</name>
            <steps/>
            <attachments/>
            <labels>
                <label name="host" value="PC-103-WS"/>
                <label name="thread" value="13116@PC-103-WS.main(1)"/>
            </labels>
        </test-case>
        <test-case start="1459486536298" stop="1459486542770" status="passed">
            <name>logErrorTel</name>
            <steps/>
            <attachments/>
            <labels>
                <label name="host" value="PC-103-WS"/>
                <label name="thread" value="13116@PC-103-WS.main(1)"/>
            </labels>
        </test-case>
        <test-case start="1459486542772" stop="1459486549311" status="passed">
            <name>logNullPass</name>
            <steps/>
            <attachments/>
            <labels>
                <label name="host" value="PC-103-WS"/>
                <label name="thread" value="13116@PC-103-WS.main(1)"/>
            </labels>
        </test-case>
        <test-case start="1459486549312" stop="1459486555814" status="passed">
            <name>logNullTel</name>
            <steps/>
            <attachments/>
            <labels>
                <label name="host" value="PC-103-WS"/>
                <label name="thread" value="13116@PC-103-WS.main(1)"/>
            </labels>
        </test-case>
        <test-case start="1459486555815" stop="1459486562778" status="passed">
            <name>logShotPass</name>
            <steps/>
            <attachments/>
            <labels>
                <label name="host" value="PC-103-WS"/>
                <label name="thread" value="13116@PC-103-WS.main(1)"/>
            </labels>
        </test-case>
        <test-case start="1459486562779" stop="1459486569281" status="passed">
            <name>logShotTel</name>
            <steps/>
            <attachments/>
            <labels>
                <label name="host" value="PC-103-WS"/>
                <label name="thread" value="13116@PC-103-WS.main(1)"/>
            </labels>
        </test-case>
        <test-case start="1459486569283" stop="1459486580197" status="passed">
            <name>logInLogOut</name>
            <steps/>
            <attachments/>
            <labels>
                <label name="host" value="PC-103-WS"/>
                <label name="thread" value="13116@PC-103-WS.main(1)"/>
            </labels>
        </test-case>
        <test-case start="1459486580200" stop="1459486599256" status="passed">
            <name>logInLogOut</name>
            <steps/>
            <attachments/>
            <labels>
                <label name="host" value="PC-103-WS"/>
                <label name="thread" value="13116@PC-103-WS.main(1)"/>
            </labels>
        </test-case>
        <test-case start="1459486599258" stop="1459486606983" status="passed">
            <name>ErrorInvalidField</name>
            <steps/>
            <attachments/>
            <labels>
                <label name="host" value="PC-103-WS"/>
                <label name="thread" value="13116@PC-103-WS.main(1)"/>
            </labels>
        </test-case>
        <test-case start="1459486606987" stop="1459486647194" status="passed">
            <name>ErrorLengthMaxField</name>
            <steps/>
            <attachments/>
            <labels>
                <label name="host" value="PC-103-WS"/>
                <label name="thread" value="13116@PC-103-WS.main(1)"/>
            </labels>
        </test-case>
        <test-case start="1459486647195" stop="1459486650205" status="passed">
            <name>ErrorLengthMinField</name>
            <steps/>
            <attachments/>
            <labels>
                <label name="host" value="PC-103-WS"/>
                <label name="thread" value="13116@PC-103-WS.main(1)"/>
            </labels>
        </test-case>
        <test-case start="1459486650208" stop="1459486652255" status="passed">
            <name>NullField</name>
            <steps/>
            <attachments/>
            <labels>
                <label name="host" value="PC-103-WS"/>
                <label name="thread" value="13116@PC-103-WS.main(1)"/>
            </labels>
        </test-case>
        <test-case start="1459486652256" stop="1459486663581" status="failed">
            <name>logInLogOut</name>
            <failure>
                <message>AssertionError: expected [true] but found [false]</message>
                <stack-trace>java.lang.AssertionError: expected [true] but found [false]
	at org.testng.Assert.fail(Assert.java:94)
	at org.testng.Assert.failNotEquals(Assert.java:513)
	at org.testng.Assert.assertTrue(Assert.java:42)
	at org.testng.Assert.assertTrue(Assert.java:52)
	at pageFactory.Landing.checkReg(Landing.java:99)
	at step.StepLanding.checkRegisterOk(StepLanding.java:208)
	at LandingTest.logInLogOut(LandingTest.java:37)
	at sun.reflect.NativeMethodAccessorImpl.invoke0(Native Method)
	at sun.reflect.NativeMethodAccessorImpl.invoke(NativeMethodAccessorImpl.java:62)
	at sun.reflect.DelegatingMethodAccessorImpl.invoke(DelegatingMethodAccessorImpl.java:43)
	at java.lang.reflect.Method.invoke(Method.java:497)
	at org.testng.internal.MethodInvocationHelper.invokeMethod(MethodInvocationHelper.java:86)
	at org.testng.internal.Invoker.invokeMethod(Invoker.java:643)
	at org.testng.internal.Invoker.invokeTestMethod(Invoker.java:820)
	at org.testng.internal.Invoker.invokeTestMethods(Invoker.java:1128)
	at org.testng.internal.TestMethodWorker.invokeTestMethods(TestMethodWorker.java:129)
	at org.testng.internal.TestMethodWorker.run(TestMethodWorker.java:112)
	at org.testng.TestRunner.privateRun(TestRunner.java:782)
	at org.testng.TestRunner.run(TestRunner.java:632)
	at org.testng.SuiteRunner.runTest(SuiteRunner.java:366)
	at org.testng.SuiteRunner.runSequentially(SuiteRunner.java:361)
	at org.testng.SuiteRunner.privateRun(SuiteRunner.java:319)
	at org.testng.SuiteRunner.run(SuiteRunner.java:268)
	at org.testng.SuiteRunnerWorker.runSuite(SuiteRunnerWorker.java:52)
	at org.testng.SuiteRunnerWorker.run(SuiteRunnerWorker.java:86)
	at org.testng.TestNG.runSuitesSequentially(TestNG.java:1244)
	at org.testng.TestNG.runSuitesSequentially(TestNG.java:1240)
	at org.testng.TestNG.runSuitesLocally(TestNG.java:1169)
	at org.testng.TestNG.run(TestNG.java:1064)
	at org.apache.maven.surefire.testng.TestNGExecutor.run(TestNGExecutor.java:295)
	at org.apache.maven.surefire.testng.TestNGXmlTestSuite.execute(TestNGXmlTestSuite.java:84)
	at org.apache.maven.surefire.testng.TestNGProvider.invoke(TestNGProvider.java:90)
	at org.apache.maven.surefire.booter.ForkedBooter.invokeProviderInSameClassLoader(ForkedBooter.java:203)
	at org.apache.maven.surefire.booter.ForkedBooter.runSuitesInProcess(ForkedBooter.java:155)
	at org.apache.maven.surefire.booter.ForkedBooter.main(ForkedBooter.java:103)
</stack-trace>
            </failure>
            <steps/>
            <attachments/>
            <labels>
                <label name="host" value="PC-103-WS"/>
                <label name="thread" value="13116@PC-103-WS.main(1)"/>
            </labels>
        </test-case>
        <test-case start="1459486663582" stop="1459486671063" status="passed">
            <name>ErrorInvalidField</name>
            <steps/>
            <attachments/>
            <labels>
                <label name="host" value="PC-103-WS"/>
                <label name="thread" value="13116@PC-103-WS.main(1)"/>
            </labels>
        </test-case>
        <test-case start="1459486671067" stop="1459486672834" status="passed">
            <name>ErrorLengthMaxField</name>
            <steps/>
            <attachments/>
            <labels>
                <label name="host" value="PC-103-WS"/>
                <label name="thread" value="13116@PC-103-WS.main(1)"/>
            </labels>
        </test-case>
        <test-case start="1459486672835" stop="1459486675311" status="passed">
            <name>ErrorLengthMinField</name>
            <steps/>
            <attachments/>
            <labels>
                <label name="host" value="PC-103-WS"/>
                <label name="thread" value="13116@PC-103-WS.main(1)"/>
            </labels>
        </test-case>
        <test-case start="1459486675314" stop="1459486676807" status="passed">
            <name>NullField</name>
            <steps/>
            <attachments/>
            <labels>
                <label name="host" value="PC-103-WS"/>
                <label name="thread" value="13116@PC-103-WS.main(1)"/>
            </labels>
        </test-case>
    </test-cases>
    <labels>
        <label name="framework" value="TestNG"/>
        <label name="language" value="JAVA"/>
    </labels>
</ns2:test-suite>
