<?xml version="1.0" encoding="UTF-8"?>
<testng-results skipped="0" failed="1" total="13" passed="12">
  <reporter-output>
  </reporter-output>
  <suite name="Google suites" duration-ms="0" started-at="2016-03-31T09:01:20Z" finished-at="2016-03-31T09:01:20Z">
    <groups>
    </groups>
  </suite> <!-- Google suites -->
  <suite name="Google suites (0)" duration-ms="188998" started-at="2016-03-31T08:58:11Z" finished-at="2016-03-31T09:01:20Z">
    <groups>
    </groups>
    <test name="FarmZnanie testx" duration-ms="188998" started-at="2016-03-31T08:58:11Z" finished-at="2016-03-31T09:01:20Z">
      <class name="RegistrationTest">
        <test-method status="FAIL" signature="logInLogOut()[pri:0, instance:RegistrationTest@ae45eb6]" name="logInLogOut" duration-ms="100312" started-at="2016-03-31T14:59:22Z" finished-at="2016-03-31T15:01:03Z">
          <exception class="org.openqa.selenium.TimeoutException">
            <message>
              <![CDATA[Timed out after 90 seconds waiting for presence of element located by: By.xpath: .//a[contains(.,'Выйти')]
Build info: version: '2.52.0', revision: '4c2593cfc3689a7fcd7be52549167e5ccc93ad28', time: '2016-02-11 11:22:43'
System info: host: 'PC-103-WS', ip: '192.168.56.1', os.name: 'Windows 8.1', os.arch: 'amd64', os.version: '6.3', java.version: '1.8.0_65'
Driver info: org.openqa.selenium.chrome.ChromeDriver
Capabilities [{applicationCacheEnabled=false, rotatable=false, mobileEmulationEnabled=false, chrome={chromedriverVersion=2.21.371459 (36d3d07f660ff2bc1bf28a75d1cdabed0983e7c4), userDataDir=C:\Users\mihaleva\AppData\Local\Temp\scoped_dir7984_24073}, takesHeapSnapshot=true, databaseEnabled=false, handlesAlerts=true, hasTouchScreen=false, version=49.0.2623.87, platform=WIN8_1, browserConnectionEnabled=false, nativeEvents=true, acceptSslCerts=true, locationContextEnabled=true, webStorageEnabled=true, browserName=chrome, takesScreenshot=true, javascriptEnabled=true, cssSelectorsEnabled=true}]
Session ID: 17708ee76bcb9c20f9fbfb2fbacd40fe]]>
            </message>
            <full-stacktrace>
              <![CDATA[org.openqa.selenium.TimeoutException: Timed out after 90 seconds waiting for presence of element located by: By.xpath: .//a[contains(.,'Выйти')]
Build info: version: '2.52.0', revision: '4c2593cfc3689a7fcd7be52549167e5ccc93ad28', time: '2016-02-11 11:22:43'
System info: host: 'PC-103-WS', ip: '192.168.56.1', os.name: 'Windows 8.1', os.arch: 'amd64', os.version: '6.3', java.version: '1.8.0_65'
Driver info: org.openqa.selenium.chrome.ChromeDriver
Capabilities [{applicationCacheEnabled=false, rotatable=false, mobileEmulationEnabled=false, chrome={chromedriverVersion=2.21.371459 (36d3d07f660ff2bc1bf28a75d1cdabed0983e7c4), userDataDir=C:\Users\mihaleva\AppData\Local\Temp\scoped_dir7984_24073}, takesHeapSnapshot=true, databaseEnabled=false, handlesAlerts=true, hasTouchScreen=false, version=49.0.2623.87, platform=WIN8_1, browserConnectionEnabled=false, nativeEvents=true, acceptSslCerts=true, locationContextEnabled=true, webStorageEnabled=true, browserName=chrome, takesScreenshot=true, javascriptEnabled=true, cssSelectorsEnabled=true}]
Session ID: 17708ee76bcb9c20f9fbfb2fbacd40fe
	at org.openqa.selenium.support.ui.WebDriverWait.timeoutException(WebDriverWait.java:80)
	at org.openqa.selenium.support.ui.FluentWait.until(FluentWait.java:261)
	at Help.Waiter.wait(Waiter.java:21)
	at pageFactory.RegistrationPage.checkRegOk(RegistrationPage.java:262)
	at step.StepRegistration.checkRegOk(StepRegistration.java:119)
	at RegistrationTest.logInLogOut(RegistrationTest.java:38)
	at sun.reflect.NativeMethodAccessorImpl.invoke0(Native Method)
	at sun.reflect.NativeMethodAccessorImpl.invoke(NativeMethodAccessorImpl.java:62)
	at sun.reflect.DelegatingMethodAccessorImpl.invoke(DelegatingMethodAccessorImpl.java:43)
	at java.lang.reflect.Method.invoke(Method.java:497)
	at org.testng.internal.MethodInvocationHelper.invokeMethod(MethodInvocationHelper.java:86)
	at org.testng.internal.Invoker.invokeMethod(Invoker.java:643)
	at org.testng.internal.Invoker.invokeTestMethod(Invoker.java:820)
	at org.testng.internal.Invoker.invokeTestMethods(Invoker.java:1128)
	at org.testng.internal.TestMethodWorker.invokeTestMethods(TestMethodWorker.java:129)
	at org.testng.internal.TestMethodWorker.run(TestMethodWorker.java:112)
	at org.testng.TestRunner.privateRun(TestRunner.java:782)
	at org.testng.TestRunner.run(TestRunner.java:632)
	at org.testng.SuiteRunner.runTest(SuiteRunner.java:366)
	at org.testng.SuiteRunner.runSequentially(SuiteRunner.java:361)
	at org.testng.SuiteRunner.privateRun(SuiteRunner.java:319)
	at org.testng.SuiteRunner.run(SuiteRunner.java:268)
	at org.testng.SuiteRunnerWorker.runSuite(SuiteRunnerWorker.java:52)
	at org.testng.SuiteRunnerWorker.run(SuiteRunnerWorker.java:86)
	at org.testng.TestNG.runSuitesSequentially(TestNG.java:1244)
	at org.testng.TestNG.runSuitesSequentially(TestNG.java:1240)
	at org.testng.TestNG.runSuitesLocally(TestNG.java:1169)
	at org.testng.TestNG.run(TestNG.java:1064)
	at org.apache.maven.surefire.testng.TestNGExecutor.run(TestNGExecutor.java:295)
	at org.apache.maven.surefire.testng.TestNGXmlTestSuite.execute(TestNGXmlTestSuite.java:84)
	at org.apache.maven.surefire.testng.TestNGProvider.invoke(TestNGProvider.java:90)
	at org.apache.maven.surefire.booter.ForkedBooter.invokeProviderInSameClassLoader(ForkedBooter.java:203)
	at org.apache.maven.surefire.booter.ForkedBooter.runSuitesInProcess(ForkedBooter.java:155)
	at org.apache.maven.surefire.booter.ForkedBooter.main(ForkedBooter.java:103)
Caused by: org.openqa.selenium.NoSuchElementException: no such element: Unable to locate element: {"method":"xpath","selector":".//a[contains(.,'Выйти')]"}
  (Session info: chrome=49.0.2623.87)
  (Driver info: chromedriver=2.21.371459 (36d3d07f660ff2bc1bf28a75d1cdabed0983e7c4),platform=Windows NT 6.3 x86_64) (WARNING: The server did not provide any stacktrace information)
Command duration or timeout: 10 milliseconds
For documentation on this error, please visit: http://seleniumhq.org/exceptions/no_such_element.html
Build info: version: '2.52.0', revision: '4c2593cfc3689a7fcd7be52549167e5ccc93ad28', time: '2016-02-11 11:22:43'
System info: host: 'PC-103-WS', ip: '192.168.56.1', os.name: 'Windows 8.1', os.arch: 'amd64', os.version: '6.3', java.version: '1.8.0_65'
Driver info: org.openqa.selenium.chrome.ChromeDriver
Capabilities [{applicationCacheEnabled=false, rotatable=false, mobileEmulationEnabled=false, chrome={chromedriverVersion=2.21.371459 (36d3d07f660ff2bc1bf28a75d1cdabed0983e7c4), userDataDir=C:\Users\mihaleva\AppData\Local\Temp\scoped_dir7984_24073}, takesHeapSnapshot=true, databaseEnabled=false, handlesAlerts=true, hasTouchScreen=false, version=49.0.2623.87, platform=WIN8_1, browserConnectionEnabled=false, nativeEvents=true, acceptSslCerts=true, locationContextEnabled=true, webStorageEnabled=true, browserName=chrome, takesScreenshot=true, javascriptEnabled=true, cssSelectorsEnabled=true}]
Session ID: 17708ee76bcb9c20f9fbfb2fbacd40fe
*** Element info: {Using=xpath, value=.//a[contains(.,'Выйти')]}
	at sun.reflect.GeneratedConstructorAccessor10.newInstance(Unknown Source)
	at sun.reflect.DelegatingConstructorAccessorImpl.newInstance(DelegatingConstructorAccessorImpl.java:45)
	at java.lang.reflect.Constructor.newInstance(Constructor.java:422)
	at org.openqa.selenium.remote.ErrorHandler.createThrowable(ErrorHandler.java:206)
	at org.openqa.selenium.remote.ErrorHandler.throwIfResponseFailed(ErrorHandler.java:158)
	at org.openqa.selenium.remote.RemoteWebDriver.execute(RemoteWebDriver.java:678)
	at org.openqa.selenium.remote.RemoteWebDriver.findElement(RemoteWebDriver.java:363)
	at org.openqa.selenium.remote.RemoteWebDriver.findElementByXPath(RemoteWebDriver.java:500)
	at org.openqa.selenium.By$ByXPath.findElement(By.java:361)
	at org.openqa.selenium.remote.RemoteWebDriver.findElement(RemoteWebDriver.java:355)
	at org.openqa.selenium.support.ui.ExpectedConditions.findElement(ExpectedConditions.java:911)
	at org.openqa.selenium.support.ui.ExpectedConditions.access$000(ExpectedConditions.java:41)
	at org.openqa.selenium.support.ui.ExpectedConditions$6.apply(ExpectedConditions.java:181)
	at org.openqa.selenium.support.ui.ExpectedConditions$6.apply(ExpectedConditions.java:178)
	at org.openqa.selenium.support.ui.FluentWait.until(FluentWait.java:238)
	... 32 more
]]>
            </full-stacktrace>
          </exception> <!-- org.openqa.selenium.TimeoutException -->
          <reporter-output>
          </reporter-output>
        </test-method> <!-- logInLogOut -->
      </class> <!-- RegistrationTest -->
      <class name="RestorePassTest">
        <test-method status="PASS" signature="logInLogOut()[pri:0, instance:RestorePassTest@68c4039c]" name="logInLogOut" duration-ms="17458" started-at="2016-03-31T14:59:05Z" finished-at="2016-03-31T14:59:22Z">
          <reporter-output>
          </reporter-output>
        </test-method> <!-- logInLogOut -->
      </class> <!-- RestorePassTest -->
      <class name="ErrorLogInTest">
        <test-method status="PASS" signature="bornDriver()[pri:0, instance:ErrorLogInTest@3532ec19]" name="bornDriver" is-config="true" duration-ms="2565" started-at="2016-03-31T14:58:11Z" finished-at="2016-03-31T14:58:13Z">
          <reporter-output>
          </reporter-output>
        </test-method> <!-- bornDriver -->
        <test-method status="PASS" signature="bornDriver()[pri:0, instance:ErrorRegistrationTest@59f99ea]" name="bornDriver" is-config="true" duration-ms="112" started-at="2016-03-31T14:58:13Z" finished-at="2016-03-31T14:58:13Z">
          <reporter-output>
          </reporter-output>
        </test-method> <!-- bornDriver -->
        <test-method status="PASS" signature="bornDriver()[pri:0, instance:LogInTest@26653222]" name="bornDriver" is-config="true" duration-ms="32" started-at="2016-03-31T14:58:13Z" finished-at="2016-03-31T14:58:13Z">
          <reporter-output>
          </reporter-output>
        </test-method> <!-- bornDriver -->
        <test-method status="PASS" signature="bornDriver()[pri:0, instance:RegistrationTest@ae45eb6]" name="bornDriver" is-config="true" duration-ms="34" started-at="2016-03-31T14:58:13Z" finished-at="2016-03-31T14:58:13Z">
          <reporter-output>
          </reporter-output>
        </test-method> <!-- bornDriver -->
        <test-method status="PASS" signature="bornDriver()[pri:0, instance:RestorePassTest@68c4039c]" name="bornDriver" is-config="true" duration-ms="40" started-at="2016-03-31T14:58:13Z" finished-at="2016-03-31T14:58:14Z">
          <reporter-output>
          </reporter-output>
        </test-method> <!-- bornDriver -->
        <test-method status="PASS" signature="logErrorPass()[pri:0, instance:ErrorLogInTest@3532ec19]" name="logErrorPass" duration-ms="7113" started-at="2016-03-31T14:58:25Z" finished-at="2016-03-31T14:58:32Z">
          <reporter-output>
          </reporter-output>
        </test-method> <!-- logErrorPass -->
        <test-method status="PASS" signature="logErrorTel()[pri:0, instance:ErrorLogInTest@3532ec19]" name="logErrorTel" duration-ms="6521" started-at="2016-03-31T14:58:32Z" finished-at="2016-03-31T14:58:38Z">
          <reporter-output>
          </reporter-output>
        </test-method> <!-- logErrorTel -->
        <test-method status="PASS" signature="logNullPass()[pri:0, instance:ErrorLogInTest@3532ec19]" name="logNullPass" duration-ms="6541" started-at="2016-03-31T14:58:38Z" finished-at="2016-03-31T14:58:45Z">
          <reporter-output>
          </reporter-output>
        </test-method> <!-- logNullPass -->
        <test-method status="PASS" signature="logNullTel()[pri:0, instance:ErrorLogInTest@3532ec19]" name="logNullTel" duration-ms="6552" started-at="2016-03-31T14:58:45Z" finished-at="2016-03-31T14:58:51Z">
          <reporter-output>
          </reporter-output>
        </test-method> <!-- logNullTel -->
        <test-method status="PASS" signature="logShotPass()[pri:0, instance:ErrorLogInTest@3532ec19]" name="logShotPass" duration-ms="7016" started-at="2016-03-31T14:58:51Z" finished-at="2016-03-31T14:58:58Z">
          <reporter-output>
          </reporter-output>
        </test-method> <!-- logShotPass -->
        <test-method status="PASS" signature="logShotTel()[pri:0, instance:ErrorLogInTest@3532ec19]" name="logShotTel" duration-ms="6520" started-at="2016-03-31T14:58:58Z" finished-at="2016-03-31T14:59:05Z">
          <reporter-output>
          </reporter-output>
        </test-method> <!-- logShotTel -->
        <test-method status="PASS" signature="killDriver()[pri:0, instance:ErrorLogInTest@3532ec19]" name="killDriver" is-config="true" duration-ms="997" started-at="2016-03-31T15:01:19Z" finished-at="2016-03-31T15:01:20Z">
          <reporter-output>
          </reporter-output>
        </test-method> <!-- killDriver -->
        <test-method status="PASS" signature="killDriver()[pri:0, instance:LogInTest@26653222]" name="killDriver" is-config="true" duration-ms="0" started-at="2016-03-31T15:01:20Z" finished-at="2016-03-31T15:01:20Z">
          <reporter-output>
          </reporter-output>
        </test-method> <!-- killDriver -->
        <test-method status="PASS" signature="killDriver()[pri:0, instance:ErrorRegistrationTest@59f99ea]" name="killDriver" is-config="true" duration-ms="0" started-at="2016-03-31T15:01:20Z" finished-at="2016-03-31T15:01:20Z">
          <reporter-output>
          </reporter-output>
        </test-method> <!-- killDriver -->
        <test-method status="PASS" signature="killDriver()[pri:0, instance:RegistrationTest@ae45eb6]" name="killDriver" is-config="true" duration-ms="0" started-at="2016-03-31T15:01:20Z" finished-at="2016-03-31T15:01:20Z">
          <reporter-output>
          </reporter-output>
        </test-method> <!-- killDriver -->
        <test-method status="PASS" signature="killDriver()[pri:0, instance:RestorePassTest@68c4039c]" name="killDriver" is-config="true" duration-ms="0" started-at="2016-03-31T15:01:20Z" finished-at="2016-03-31T15:01:20Z">
          <reporter-output>
          </reporter-output>
        </test-method> <!-- killDriver -->
      </class> <!-- ErrorLogInTest -->
      <class name="LogInTest">
        <test-method status="PASS" signature="logInLogOut()[pri:0, instance:LogInTest@26653222]" name="logInLogOut" duration-ms="10984" started-at="2016-03-31T14:58:14Z" finished-at="2016-03-31T14:58:25Z">
          <reporter-output>
          </reporter-output>
        </test-method> <!-- logInLogOut -->
      </class> <!-- LogInTest -->
      <class name="ErrorRegistrationTest">
        <test-method status="PASS" signature="ErrorInvalidField()[pri:0, instance:ErrorRegistrationTest@59f99ea]" name="ErrorInvalidField" duration-ms="8217" started-at="2016-03-31T15:01:03Z" finished-at="2016-03-31T15:01:11Z">
          <reporter-output>
          </reporter-output>
        </test-method> <!-- ErrorInvalidField -->
        <test-method status="PASS" signature="ErrorLengthMaxField()[pri:0, instance:ErrorRegistrationTest@59f99ea]" name="ErrorLengthMaxField" duration-ms="2991" started-at="2016-03-31T15:01:11Z" finished-at="2016-03-31T15:01:14Z">
          <reporter-output>
          </reporter-output>
        </test-method> <!-- ErrorLengthMaxField -->
        <test-method status="PASS" signature="ErrorLengthMinField()[pri:0, instance:ErrorRegistrationTest@59f99ea]" name="ErrorLengthMinField" duration-ms="2874" started-at="2016-03-31T15:01:14Z" finished-at="2016-03-31T15:01:17Z">
          <reporter-output>
          </reporter-output>
        </test-method> <!-- ErrorLengthMinField -->
        <test-method status="PASS" signature="NullField()[pri:0, instance:ErrorRegistrationTest@59f99ea]" name="NullField" duration-ms="2045" started-at="2016-03-31T15:01:17Z" finished-at="2016-03-31T15:01:19Z">
          <reporter-output>
          </reporter-output>
        </test-method> <!-- NullField -->
      </class> <!-- ErrorRegistrationTest -->
    </test> <!-- FarmZnanie testx -->
  </suite> <!-- Google suites (0) -->
</testng-results>
